<?xml version="1.0" encoding="UTF-8"?>
<testng-results ignored="0" total="1" passed="1" failed="0" skipped="0">
  <reporter-output>
  </reporter-output>
  <suite started-at="2022-04-21T22:04:45 IST" name="Default suite" finished-at="2022-04-21T22:05:07 IST" duration-ms="21424">
    <groups>
    </groups>
    <test started-at="2022-04-21T22:04:45 IST" name="Default test" finished-at="2022-04-21T22:05:07 IST" duration-ms="21424">
      <class name="Maven.JenkinDemo.App">
        <test-method signature="Login()[pri:0, instance:Maven.JenkinDemo.App@55536d9e]" started-at="2022-04-21T22:04:46 IST" name="Login" finished-at="2022-04-21T22:05:07 IST" duration-ms="21303" status="PASS">
          <reporter-output>
          </reporter-output>
        </test-method> <!-- Login -->
      </class> <!-- Maven.JenkinDemo.App -->
    </test> <!-- Default test -->
  </suite> <!-- Default suite -->
</testng-results>
